\BOOKMARK [0][-]{init.0}{Front Page}{}% 1
\BOOKMARK [0][-]{contents.0}{Table of Contents}{}% 2
\BOOKMARK [0][-]{figures.0}{List of Figures}{}% 3
\BOOKMARK [0][-]{tables.0}{List of Tables}{}% 4
\BOOKMARK [0][-]{chapter.1}{1 Introduction}{}% 5
\BOOKMARK [1][-]{section.1.1}{1.1 Context}{chapter.1}% 6
\BOOKMARK [1][-]{section.1.2}{1.2 Motivation and Problem}{chapter.1}% 7
\BOOKMARK [1][-]{section.1.3}{1.3 Objectives}{chapter.1}% 8
\BOOKMARK [1][-]{section.1.4}{1.4 Contributions}{chapter.1}% 9
\BOOKMARK [1][-]{section.1.5}{1.5 Document Structure}{chapter.1}% 10
\BOOKMARK [0][-]{chapter.2}{2 Background and Fundamental Aspects}{}% 11
\BOOKMARK [1][-]{section.2.1}{2.1 MRPP Problem and MAPF Abstraction}{chapter.2}% 12
\BOOKMARK [1][-]{section.2.2}{2.2 Environment Representation}{chapter.2}% 13
\BOOKMARK [2][-]{subsection.2.2.1}{2.2.1 Grid Representation}{section.2.2}% 14
\BOOKMARK [2][-]{subsection.2.2.2}{2.2.2 Graph Representation}{section.2.2}% 15
\BOOKMARK [1][-]{section.2.3}{2.3 Search and Planning Foundations}{chapter.2}% 16
\BOOKMARK [2][-]{subsection.2.3.1}{2.3.1 Search Problems on Graphs}{section.2.3}% 17
\BOOKMARK [1][-]{section.2.4}{2.4 Machine Learning Foundations for Heuristic Analysis}{chapter.2}% 18
\BOOKMARK [2][-]{subsection.2.4.1}{2.4.1 Supervised and Unsupervised Learning}{section.2.4}% 19
\BOOKMARK [2][-]{subsection.2.4.2}{2.4.2 Clustering Methods}{section.2.4}% 20
\BOOKMARK [2][-]{subsection.2.4.3}{2.4.3 Linear Regression}{section.2.4}% 21
\BOOKMARK [1][-]{section.2.5}{2.5 Foundations of Parallel and Concurrent Computing}{chapter.2}% 22
\BOOKMARK [2][-]{subsection.2.5.1}{2.5.1 Parallelism and Concurrency}{section.2.5}% 23
\BOOKMARK [2][-]{subsection.2.5.2}{2.5.2 Computational Models and Execution}{section.2.5}% 24
\BOOKMARK [2][-]{subsection.2.5.3}{2.5.3 Synchronization and Shared Resource Access}{section.2.5}% 25
\BOOKMARK [1][-]{section.2.6}{2.6 Summary}{chapter.2}% 26
\BOOKMARK [0][-]{chapter.3}{3 State-of-the-Art}{}% 27
\BOOKMARK [1][-]{section.3.1}{3.1 Algorithmic Approaches to MRPP}{chapter.3}% 28
\BOOKMARK [2][-]{subsection.3.1.1}{3.1.1 Decentralized Coordination}{section.3.1}% 29
\BOOKMARK [2][-]{subsection.3.1.2}{3.1.2 Centralized Coordination}{section.3.1}% 30
\BOOKMARK [2][-]{subsection.3.1.3}{3.1.3 Hybrid Coordination}{section.3.1}% 31
\BOOKMARK [2][-]{subsection.3.1.4}{3.1.4 Learning-Based Coordination}{section.3.1}% 32
\BOOKMARK [1][-]{section.3.2}{3.2 Prioritization Heuristics}{chapter.3}% 33
\BOOKMARK [2][-]{subsection.3.2.1}{3.2.1 Randomized Strategies}{section.3.2}% 34
\BOOKMARK [2][-]{subsection.3.2.2}{3.2.2 Distance and Path Length Heuristics}{section.3.2}% 35
\BOOKMARK [2][-]{subsection.3.2.3}{3.2.3 Environment Heuristics}{section.3.2}% 36
\BOOKMARK [2][-]{subsection.3.2.4}{3.2.4 Local Density Heuristics}{section.3.2}% 37
\BOOKMARK [2][-]{subsection.3.2.5}{3.2.5 Conflict and Interaction Prioritization}{section.3.2}% 38
\BOOKMARK [2][-]{subsection.3.2.6}{3.2.6 Rescheduling and Adaptive Priority Adjustment}{section.3.2}% 39
\BOOKMARK [2][-]{subsection.3.2.7}{3.2.7 Learning Priority Orderings}{section.3.2}% 40
\BOOKMARK [1][-]{section.3.3}{3.3 Summary}{chapter.3}% 41
\BOOKMARK [0][-]{chapter.4}{4 CRIIS Fleet Coordination System}{}% 42
\BOOKMARK [1][-]{section.4.1}{4.1 Trajectory Representation}{chapter.4}% 43
\BOOKMARK [1][-]{section.4.2}{4.2 System Architecture}{chapter.4}% 44
\BOOKMARK [2][-]{subsection.4.2.1}{4.2.1 Central Coordination Module}{section.4.2}% 45
\BOOKMARK [2][-]{subsection.4.2.2}{4.2.2 Graph Server}{section.4.2}% 46
\BOOKMARK [2][-]{subsection.4.2.3}{4.2.3 Graph Pre-Processor}{section.4.2}% 47
\BOOKMARK [2][-]{subsection.4.2.4}{4.2.4 Path Planner}{section.4.2}% 48
\BOOKMARK [2][-]{subsection.4.2.5}{4.2.5 Navigation Handler}{section.4.2}% 49
\BOOKMARK [2][-]{subsection.4.2.6}{4.2.6 Supervisor}{section.4.2}% 50
\BOOKMARK [1][-]{section.4.3}{4.3 Summary}{chapter.4}% 51
\BOOKMARK [0][-]{chapter.5}{5 Prioritization Heuristics Design and Development}{}% 52
\BOOKMARK [1][-]{section.5.1}{5.1 Motivation and Design Objectives}{chapter.5}% 53
\BOOKMARK [1][-]{section.5.2}{5.2 Heuristic